<?xml version="1.0" encoding="UTF-8"?>
<robot generator="Robot 4.1.1 (Python 3.9.7 on win32)" generated="20211229 04:42:24.489" rpa="false" schemaversion="2">
<suite id="s1" name="Geeks" source="C:\Gravidade_Zero\getgeeks\Get_Geeks\project\backend\tests\Geeks.robot">
<test id="s1-t1" name="Be a geek">
<kw name="Factory Be Geek" library="Users">
<var>${user}</var>
<msg timestamp="20211229 04:42:24.600" level="INFO">${user} = {'name': 'Joao Lucas', 'email': 'joao@qaninja.com.br', 'password': 'pwd123', 'geek_profile': {'whatsapp': '11999999999', 'desc': 'Seu computador está lento? Reiniciando do nada? Talvez seja um vírus, ...</msg>
<status status="PASS" starttime="20211229 04:42:24.600" endtime="20211229 04:42:24.600"/>
</kw>
<kw name="Remove User" library="Helpers">
<arg>${user}</arg>
<kw name="Get Token" library="Helpers">
<var>${token}</var>
<arg>${user}</arg>
<kw name="Create Dictionary" library="BuiltIn">
<var>${payload}</var>
<arg>email=${user}[email]</arg>
<arg>password=${user}[password]</arg>
<doc>Creates and returns a dictionary based on the given ``items``.</doc>
<msg timestamp="20211229 04:42:24.601" level="INFO">${payload} = {'email': 'joao@qaninja.com.br', 'password': 'pwd123'}</msg>
<status status="PASS" starttime="20211229 04:42:24.601" endtime="20211229 04:42:24.602"/>
</kw>
<kw name="POST Session" library="SessionsRoute">
<var>${response}</var>
<arg>${payload}</arg>
<kw name="POST" library="RequestsLibrary">
<var>${response}</var>
<arg>${API_USERS}/sessions</arg>
<arg>json=${payload}</arg>
<arg>expected_status=any</arg>
<doc>Sends a POST request.</doc>
<msg timestamp="20211229 04:42:25.262" level="INFO">POST Request : url=https://getgeeks-gateway-danyel-mirand.herokuapp.com/sessions 
 path_url=/sessions 
 headers={'User-Agent': 'python-requests/2.26.0', 'Accept-Encoding': 'gzip, deflate', 'Accept': '*/*', 'Connection': 'keep-alive', 'Content-Length': '54', 'Content-Type': 'application/json'} 
 body=b'{"email": "joao@qaninja.com.br", "password": "pwd123"}' 
 </msg>
<msg timestamp="20211229 04:42:25.262" level="INFO">POST Response : url=https://getgeeks-gateway-danyel-mirand.herokuapp.com/sessions 
 status=401, reason=Unauthorized 
 headers={'Connection': 'keep-alive', 'X-Powered-By': 'Express', 'Server': 'Cowboy', 'Access-Control-Allow-Origin': '*', 'Content-Type': 'application/json; charset=utf-8', 'Content-Length': '24', 'Etag': 'W/"18-XPDV80vbMk4yY1/PADG4jYM4rSI"', 'Date': 'Wed, 29 Dec 2021 07:42:28 GMT', 'Via': '1.1 vegur, 1.1 vegur'} 
 body={"error":"Unauthorized"} 
 </msg>
<msg timestamp="20211229 04:42:25.263" level="INFO">${response} = &lt;Response [401]&gt;</msg>
<status status="PASS" starttime="20211229 04:42:24.602" endtime="20211229 04:42:25.263"/>
</kw>
<msg timestamp="20211229 04:42:25.264" level="INFO">${response} = &lt;Response [401]&gt;</msg>
<status status="PASS" starttime="20211229 04:42:24.602" endtime="20211229 04:42:25.265"/>
</kw>
<kw name="Set Variable" library="BuiltIn">
<var>${result}</var>
<arg>${EMPTY}</arg>
<doc>Returns the given values which can then be assigned to a variables.</doc>
<msg timestamp="20211229 04:42:25.267" level="INFO">${result} = </msg>
<status status="PASS" starttime="20211229 04:42:25.265" endtime="20211229 04:42:25.267"/>
</kw>
<if>
<branch type="IF" condition="&quot;200&quot; in &quot;${response}&quot;">
<kw name="Set Variable" library="BuiltIn">
<var>${result}</var>
<arg>Bearer ${response.json()}[token]</arg>
<doc>Returns the given values which can then be assigned to a variables.</doc>
<status status="NOT RUN" starttime="20211229 04:42:25.269" endtime="20211229 04:42:25.269"/>
</kw>
<status status="NOT RUN" starttime="20211229 04:42:25.268" endtime="20211229 04:42:25.269"/>
</branch>
<status status="PASS" starttime="20211229 04:42:25.268" endtime="20211229 04:42:25.269"/>
</if>
<msg timestamp="20211229 04:42:25.270" level="INFO">${token} = </msg>
<status status="PASS" starttime="20211229 04:42:24.601" endtime="20211229 04:42:25.270"/>
</kw>
<if>
<branch type="IF" condition="&quot;${token}&quot;">
<kw name="DELETE User" library="UsersRoute">
<arg>${token}</arg>
<status status="NOT RUN" starttime="20211229 04:42:25.271" endtime="20211229 04:42:25.271"/>
</kw>
<status status="NOT RUN" starttime="20211229 04:42:25.271" endtime="20211229 04:42:25.272"/>
</branch>
<status status="PASS" starttime="20211229 04:42:25.270" endtime="20211229 04:42:25.272"/>
</if>
<status status="PASS" starttime="20211229 04:42:24.600" endtime="20211229 04:42:25.272"/>
</kw>
<kw name="POST User" library="UsersRoute">
<arg>${user}</arg>
<kw name="POST" library="RequestsLibrary">
<var>${response}</var>
<arg>${API_USERS}/users</arg>
<arg>json=${payload}</arg>
<arg>expected_status=any</arg>
<doc>Sends a POST request.</doc>
<msg timestamp="20211229 04:42:25.934" level="INFO">POST Request : url=https://getgeeks-gateway-danyel-mirand.herokuapp.com/users 
 path_url=/users 
 headers={'User-Agent': 'python-requests/2.26.0', 'Accept-Encoding': 'gzip, deflate', 'Accept': '*/*', 'Connection': 'keep-alive', 'Content-Length': '482', 'Content-Type': 'application/json'} 
 body=b'{"name": "Joao Lucas", "email": "joao@qaninja.com.br", "password": "pwd123", "geek_profile": {"whatsapp": "11999999999", "desc": "Seu computador est\\u00e1 lento? Reiniciando do nada? Talvez seja um v\\u00edrus, ou algum hardware com defeito. Posso fazer a manuten\\u00e7\\u00e3o no seu PC, formando, reinstalando o SO, trocando algum componente f\\u00edsico e porque n\\u00e3o remover o baidu ou qualquer outro malware.", "printer_repair": "Sim", "work": "Presencial", "cost": "150.99"}}' 
 </msg>
<msg timestamp="20211229 04:42:25.935" level="INFO">POST Response : url=https://getgeeks-gateway-danyel-mirand.herokuapp.com/users 
 status=201, reason=Created 
 headers={'Connection': 'keep-alive', 'X-Powered-By': 'Express', 'Server': 'Cowboy', 'Access-Control-Allow-Origin': '*', 'Content-Type': 'application/json; charset=utf-8', 'Content-Length': '10', 'Etag': 'W/"a-yHRvCX5baEr1mXfVocGvaUaQYXg"', 'Date': 'Wed, 29 Dec 2021 07:42:29 GMT', 'Via': '1.1 vegur, 1.1 vegur'} 
 body={"id":447} 
 </msg>
<msg timestamp="20211229 04:42:25.935" level="INFO">${response} = &lt;Response [201]&gt;</msg>
<status status="PASS" starttime="20211229 04:42:25.275" endtime="20211229 04:42:25.935"/>
</kw>
<status status="PASS" starttime="20211229 04:42:25.274" endtime="20211229 04:42:25.936"/>
</kw>
<kw name="Get Token" library="Helpers">
<var>${token}</var>
<arg>${user}</arg>
<kw name="Create Dictionary" library="BuiltIn">
<var>${payload}</var>
<arg>email=${user}[email]</arg>
<arg>password=${user}[password]</arg>
<doc>Creates and returns a dictionary based on the given ``items``.</doc>
<msg timestamp="20211229 04:42:25.939" level="INFO">${payload} = {'email': 'joao@qaninja.com.br', 'password': 'pwd123'}</msg>
<status status="PASS" starttime="20211229 04:42:25.938" endtime="20211229 04:42:25.939"/>
</kw>
<kw name="POST Session" library="SessionsRoute">
<var>${response}</var>
<arg>${payload}</arg>
<kw name="POST" library="RequestsLibrary">
<var>${response}</var>
<arg>${API_USERS}/sessions</arg>
<arg>json=${payload}</arg>
<arg>expected_status=any</arg>
<doc>Sends a POST request.</doc>
<msg timestamp="20211229 04:42:26.610" level="INFO">POST Request : url=https://getgeeks-gateway-danyel-mirand.herokuapp.com/sessions 
 path_url=/sessions 
 headers={'User-Agent': 'python-requests/2.26.0', 'Accept-Encoding': 'gzip, deflate', 'Accept': '*/*', 'Connection': 'keep-alive', 'Content-Length': '54', 'Content-Type': 'application/json'} 
 body=b'{"email": "joao@qaninja.com.br", "password": "pwd123"}' 
 </msg>
<msg timestamp="20211229 04:42:26.611" level="INFO">POST Response : url=https://getgeeks-gateway-danyel-mirand.herokuapp.com/sessions 
 status=200, reason=OK 
 headers={'Connection': 'keep-alive', 'X-Powered-By': 'Express', 'Server': 'Cowboy', 'Access-Control-Allow-Origin': '*', 'Content-Type': 'application/json; charset=utf-8', 'Content-Length': '364', 'Etag': 'W/"16c-4Ld1+HMUgvITfbCJR5Wy7kfgHyQ"', 'Date': 'Wed, 29 Dec 2021 07:42:29 GMT', 'Via': '1.1 vegur, 1.1 vegur'} 
 body={"user":{"id":447,"email":"joao@qaninja.com.br","password_hash":"$2b$08$HVKNxtWyCXVet7TEX61.9u4NA0/vFa1crGlwBahoF4vaF.KwTVip2","name":"Joao Lucas","avatar":null,"whatsapp":null,"is_geek":false},"token":"eyJhbGciOiJIUzI1NiIsInR5cCI6IkpXVCJ9.eyJpZCI6NDQ3LCJpYXQiOjE2NDA3NjM3NDksImV4cCI6MTY0MTYyNzc0OX0.4alnh74go-3F_xLbT5UloondkfI3MbcTrFPUBq7lnAc","expires_in":"10d"} 
 </msg>
<msg timestamp="20211229 04:42:26.611" level="INFO">${response} = &lt;Response [200]&gt;</msg>
<status status="PASS" starttime="20211229 04:42:25.940" endtime="20211229 04:42:26.611"/>
</kw>
<msg timestamp="20211229 04:42:26.612" level="INFO">${response} = &lt;Response [200]&gt;</msg>
<status status="PASS" starttime="20211229 04:42:25.939" endtime="20211229 04:42:26.612"/>
</kw>
<kw name="Set Variable" library="BuiltIn">
<var>${result}</var>
<arg>${EMPTY}</arg>
<doc>Returns the given values which can then be assigned to a variables.</doc>
<msg timestamp="20211229 04:42:26.613" level="INFO">${result} = </msg>
<status status="PASS" starttime="20211229 04:42:26.612" endtime="20211229 04:42:26.614"/>
</kw>
<if>
<branch type="IF" condition="&quot;200&quot; in &quot;${response}&quot;">
<kw name="Set Variable" library="BuiltIn">
<var>${result}</var>
<arg>Bearer ${response.json()}[token]</arg>
<doc>Returns the given values which can then be assigned to a variables.</doc>
<msg timestamp="20211229 04:42:26.616" level="INFO">${result} = Bearer eyJhbGciOiJIUzI1NiIsInR5cCI6IkpXVCJ9.eyJpZCI6NDQ3LCJpYXQiOjE2NDA3NjM3NDksImV4cCI6MTY0MTYyNzc0OX0.4alnh74go-3F_xLbT5UloondkfI3MbcTrFPUBq7lnAc</msg>
<status status="PASS" starttime="20211229 04:42:26.614" endtime="20211229 04:42:26.616"/>
</kw>
<status status="PASS" starttime="20211229 04:42:26.614" endtime="20211229 04:42:26.616"/>
</branch>
<status status="PASS" starttime="20211229 04:42:26.614" endtime="20211229 04:42:26.616"/>
</if>
<msg timestamp="20211229 04:42:26.617" level="INFO">${token} = Bearer eyJhbGciOiJIUzI1NiIsInR5cCI6IkpXVCJ9.eyJpZCI6NDQ3LCJpYXQiOjE2NDA3NjM3NDksImV4cCI6MTY0MTYyNzc0OX0.4alnh74go-3F_xLbT5UloondkfI3MbcTrFPUBq7lnAc</msg>
<status status="PASS" starttime="20211229 04:42:25.937" endtime="20211229 04:42:26.617"/>
</kw>
<kw name="POST Geek" library="GeeksRoute">
<var>${response}</var>
<arg>${token}</arg>
<arg>${user}[geek_profile]</arg>
<kw name="Create Dictionary" library="BuiltIn">
<var>${headers}</var>
<arg>Authorization=${token}</arg>
<doc>Creates and returns a dictionary based on the given ``items``.</doc>
<msg timestamp="20211229 04:42:26.619" level="INFO">${headers} = {'Authorization': 'Bearer eyJhbGciOiJIUzI1NiIsInR5cCI6IkpXVCJ9.eyJpZCI6NDQ3LCJpYXQiOjE2NDA3NjM3NDksImV4cCI6MTY0MTYyNzc0OX0.4alnh74go-3F_xLbT5UloondkfI3MbcTrFPUBq7lnAc'}</msg>
<status status="PASS" starttime="20211229 04:42:26.619" endtime="20211229 04:42:26.620"/>
</kw>
<kw name="POST" library="RequestsLibrary">
<var>${response}</var>
<arg>${API_GEEKS}/geeks</arg>
<arg>json=${payload}</arg>
<arg>headers=${headers}</arg>
<arg>expected_status=any</arg>
<doc>Sends a POST request.</doc>
<msg timestamp="20211229 04:42:27.283" level="INFO">POST Request : url=https://getgeeks-gateway-danyel-mirand.herokuapp.com/geeks 
 path_url=/geeks 
 headers={'User-Agent': 'python-requests/2.26.0', 'Accept-Encoding': 'gzip, deflate', 'Accept': '*/*', 'Connection': 'keep-alive', 'Authorization': 'Bearer eyJhbGciOiJIUzI1NiIsInR5cCI6IkpXVCJ9.eyJpZCI6NDQ3LCJpYXQiOjE2NDA3NjM3NDksImV4cCI6MTY0MTYyNzc0OX0.4alnh74go-3F_xLbT5UloondkfI3MbcTrFPUBq7lnAc', 'Content-Length': '388', 'Content-Type': 'application/json'} 
 body=b'{"whatsapp": "11999999999", "desc": "Seu computador est\\u00e1 lento? Reiniciando do nada? Talvez seja um v\\u00edrus, ou algum hardware com defeito. Posso fazer a manuten\\u00e7\\u00e3o no seu PC, formando, reinstalando o SO, trocando algum componente f\\u00edsico e porque n\\u00e3o remover o baidu ou qualquer outro malware.", "printer_repair": "Sim", "work": "Presencial", "cost": "150.99"}' 
 </msg>
<msg timestamp="20211229 04:42:27.283" level="INFO">POST Response : url=https://getgeeks-gateway-danyel-mirand.herokuapp.com/geeks 
 status=201, reason=Created 
 headers={'Connection': 'keep-alive', 'X-Powered-By': 'Express', 'Server': 'Cowboy', 'Access-Control-Allow-Origin': '*', 'Date': 'Wed, 29 Dec 2021 07:42:30 GMT', 'Content-Length': '0', 'Via': '1.1 vegur, 1.1 vegur'} 
 body=None 
 </msg>
<msg timestamp="20211229 04:42:27.284" level="INFO">${response} = &lt;Response [201]&gt;</msg>
<status status="PASS" starttime="20211229 04:42:26.620" endtime="20211229 04:42:27.284"/>
</kw>
<msg timestamp="20211229 04:42:27.285" level="INFO">${response} = &lt;Response [201]&gt;</msg>
<status status="PASS" starttime="20211229 04:42:26.618" endtime="20211229 04:42:27.285"/>
</kw>
<kw name="Status Should Be" library="RequestsLibrary">
<arg>201</arg>
<arg>${response}</arg>
<doc>Fails if response status code is different than the expected.</doc>
<status status="PASS" starttime="20211229 04:42:27.286" endtime="20211229 04:42:27.286"/>
</kw>
<kw name="GET User" library="UsersRoute">
<var>${response}</var>
<arg>${token}</arg>
<kw name="Create Dictionary" library="BuiltIn">
<var>${headers}</var>
<arg>Authorization=${token}</arg>
<doc>Creates and returns a dictionary based on the given ``items``.</doc>
<msg timestamp="20211229 04:42:27.288" level="INFO">${headers} = {'Authorization': 'Bearer eyJhbGciOiJIUzI1NiIsInR5cCI6IkpXVCJ9.eyJpZCI6NDQ3LCJpYXQiOjE2NDA3NjM3NDksImV4cCI6MTY0MTYyNzc0OX0.4alnh74go-3F_xLbT5UloondkfI3MbcTrFPUBq7lnAc'}</msg>
<status status="PASS" starttime="20211229 04:42:27.288" endtime="20211229 04:42:27.288"/>
</kw>
<kw name="GET" library="RequestsLibrary">
<var>${response}</var>
<arg>${API_USERS}/users</arg>
<arg>headers=${headers}</arg>
<arg>expected_status=any</arg>
<doc>Sends a GET request.</doc>
<msg timestamp="20211229 04:42:27.941" level="INFO">GET Request : url=https://getgeeks-gateway-danyel-mirand.herokuapp.com/users 
 path_url=/users 
 headers={'User-Agent': 'python-requests/2.26.0', 'Accept-Encoding': 'gzip, deflate', 'Accept': '*/*', 'Connection': 'keep-alive', 'Authorization': 'Bearer eyJhbGciOiJIUzI1NiIsInR5cCI6IkpXVCJ9.eyJpZCI6NDQ3LCJpYXQiOjE2NDA3NjM3NDksImV4cCI6MTY0MTYyNzc0OX0.4alnh74go-3F_xLbT5UloondkfI3MbcTrFPUBq7lnAc'} 
 body=None 
 </msg>
<msg timestamp="20211229 04:42:27.941" level="INFO">GET Response : url=https://getgeeks-gateway-danyel-mirand.herokuapp.com/users 
 status=200, reason=OK 
 headers={'Connection': 'keep-alive', 'X-Powered-By': 'Express', 'Server': 'Cowboy', 'Access-Control-Allow-Origin': '*', 'Content-Type': 'application/json; charset=utf-8', 'Content-Length': '535', 'Etag': 'W/"217-CVRl0QDRoTS/jh2B6JHR7A7j+TY"', 'Date': 'Wed, 29 Dec 2021 07:42:31 GMT', 'Via': '1.1 vegur, 1.1 vegur'} 
 body={"id":43,"email":"joao@qaninja.com.br","password_hash":"$2b$08$HVKNxtWyCXVet7TEX61.9u4NA0/vFa1crGlwBahoF4vaF.KwTVip2","name":"Joao Lucas","avatar":null,"whatsapp":"11999999999","is_geek":true,"desc":"Seu computador está lento? Reiniciando do nada? Talvez seja um vírus, ou algum hardware com defeito. Posso fazer a manutenção no seu PC, formando, reinstalando o SO, trocando algum componente físico e porque não remover o baidu ou qualquer outro malware.","printer_repair":"Sim","work":"Presencial","cost":"150.99","user_id":447} 
 </msg>
<msg timestamp="20211229 04:42:27.941" level="INFO">${response} = &lt;Response [200]&gt;</msg>
<status status="PASS" starttime="20211229 04:42:27.289" endtime="20211229 04:42:27.941"/>
</kw>
<msg timestamp="20211229 04:42:27.942" level="INFO">${response} = &lt;Response [200]&gt;</msg>
<status status="PASS" starttime="20211229 04:42:27.287" endtime="20211229 04:42:27.942"/>
</kw>
<kw name="Should Be Equal As Strings" library="BuiltIn">
<arg>${user}[name]</arg>
<arg>${response.json()}[name]</arg>
<doc>Fails if objects are unequal after converting them to strings.</doc>
<status status="PASS" starttime="20211229 04:42:27.943" endtime="20211229 04:42:27.945"/>
</kw>
<kw name="Should Be Equal As Strings" library="BuiltIn">
<arg>${user}[email]</arg>
<arg>${response.json()}[email]</arg>
<doc>Fails if objects are unequal after converting them to strings.</doc>
<status status="PASS" starttime="20211229 04:42:27.946" endtime="20211229 04:42:27.947"/>
</kw>
<kw name="Should Be Equal As Strings" library="BuiltIn">
<arg>${user}[geek_profile][whatsapp]</arg>
<arg>${response.json()}[whatsapp]</arg>
<doc>Fails if objects are unequal after converting them to strings.</doc>
<status status="PASS" starttime="20211229 04:42:27.948" endtime="20211229 04:42:27.949"/>
</kw>
<kw name="Should Be Equal As Strings" library="BuiltIn">
<arg>${user}[geek_profile][desc]</arg>
<arg>${response.json()}[desc]</arg>
<doc>Fails if objects are unequal after converting them to strings.</doc>
<status status="PASS" starttime="20211229 04:42:27.950" endtime="20211229 04:42:27.952"/>
</kw>
<kw name="Convert To Number" library="BuiltIn">
<var>${expetect_float}</var>
<arg>${user}[geek_profile][cost]</arg>
<doc>Converts the given item to a floating point number.</doc>
<msg timestamp="20211229 04:42:27.953" level="INFO">${expetect_float} = 150.99</msg>
<status status="PASS" starttime="20211229 04:42:27.952" endtime="20211229 04:42:27.953"/>
</kw>
<kw name="Convert To Number" library="BuiltIn">
<var>${got_float}</var>
<arg>${response.json()}[cost]</arg>
<doc>Converts the given item to a floating point number.</doc>
<msg timestamp="20211229 04:42:27.954" level="INFO">${got_float} = 150.99</msg>
<status status="PASS" starttime="20211229 04:42:27.953" endtime="20211229 04:42:27.954"/>
</kw>
<kw name="Should Be Equal" library="BuiltIn">
<arg>${expetect_float}</arg>
<arg>${got_float}</arg>
<doc>Fails if the given objects are unequal.</doc>
<status status="PASS" starttime="20211229 04:42:27.955" endtime="20211229 04:42:27.955"/>
</kw>
<kw name="Should Be Equal As Strings" library="BuiltIn">
<arg>${user}[geek_profile][printer_repair]</arg>
<arg>${response.json()}[printer_repair]</arg>
<doc>Fails if objects are unequal after converting them to strings.</doc>
<status status="PASS" starttime="20211229 04:42:27.956" endtime="20211229 04:42:27.957"/>
</kw>
<kw name="Should Be Equal As Strings" library="BuiltIn">
<arg>${user}[geek_profile][work]</arg>
<arg>${response.json()}[work]</arg>
<doc>Fails if objects are unequal after converting them to strings.</doc>
<status status="PASS" starttime="20211229 04:42:27.958" endtime="20211229 04:42:27.959"/>
</kw>
<kw name="Should Be Equal As Strings" library="BuiltIn">
<arg>None</arg>
<arg>${response.json()}[avatar]</arg>
<doc>Fails if objects are unequal after converting them to strings.</doc>
<msg timestamp="20211229 04:42:27.960" level="INFO">Argument types are:
&lt;type 'unicode'&gt;
&lt;class 'NoneType'&gt;</msg>
<status status="PASS" starttime="20211229 04:42:27.959" endtime="20211229 04:42:27.960"/>
</kw>
<kw name="Should Be Equal As Strings" library="BuiltIn">
<arg>True</arg>
<arg>${response.json()}[is_geek]</arg>
<doc>Fails if objects are unequal after converting them to strings.</doc>
<msg timestamp="20211229 04:42:27.961" level="INFO">Argument types are:
&lt;type 'unicode'&gt;
&lt;class 'bool'&gt;</msg>
<status status="PASS" starttime="20211229 04:42:27.961" endtime="20211229 04:42:27.962"/>
</kw>
<status status="PASS" starttime="20211229 04:42:24.600" endtime="20211229 04:42:27.962"/>
</test>
<doc>Geek route test suite</doc>
<status status="PASS" starttime="20211229 04:42:24.490" endtime="20211229 04:42:27.964"/>
</suite>
<statistics>
<total>
<stat pass="1" fail="0" skip="0">All Tests</stat>
</total>
<tag>
</tag>
<suite>
<stat pass="1" fail="0" skip="0" id="s1" name="Geeks">Geeks</stat>
</suite>
</statistics>
<errors>
</errors>
</robot>
