<?xml version="1.0" encoding="UTF-8"?>
<robot generator="Robot 4.1.1 (Python 3.9.7 on win32)" generated="20211203 12:03:18.344" rpa="false" schemaversion="2">
<suite id="s1" name="Sessions" source="C:\Gravidade_Zero\getgeeks\Get_Geeks\project\backend\geeks\users\tests\Sessions.robot">
<test id="s1-t1" name="User Session">
<kw name="Create Dictionary" library="BuiltIn">
<var>${payload}</var>
<arg>email=danyel@email.com</arg>
<arg>password=123456</arg>
<doc>Creates and returns a dictionary based on the given ``items``.</doc>
<msg timestamp="20211203 12:03:18.452" level="INFO">${payload} = {'email': 'danyel@email.com', 'password': '123456'}</msg>
<status status="PASS" starttime="20211203 12:03:18.451" endtime="20211203 12:03:18.452"/>
</kw>
<kw name="POST Session" library="SessionsRoute">
<var>${response}</var>
<arg>${payload}</arg>
<kw name="POST" library="RequestsLibrary">
<var>${response}</var>
<arg>${API_USERS}/sessions</arg>
<arg>json=${payload}</arg>
<arg>expected_status=any</arg>
<doc>Sends a POST request.</doc>
<msg timestamp="20211203 12:03:19.118" level="INFO">POST Request : url=https://getgeeks-gateway-danyel-mirand.herokuapp.com/sessions 
 path_url=/sessions 
 headers={'User-Agent': 'python-requests/2.26.0', 'Accept-Encoding': 'gzip, deflate', 'Accept': '*/*', 'Connection': 'keep-alive', 'Content-Length': '51', 'Content-Type': 'application/json'} 
 body=b'{"email": "danyel@email.com", "password": "123456"}' 
 </msg>
<msg timestamp="20211203 12:03:19.119" level="INFO">POST Response : url=https://getgeeks-gateway-danyel-mirand.herokuapp.com/sessions 
 status=200, reason=OK 
 headers={'Connection': 'keep-alive', 'X-Powered-By': 'Express', 'Server': 'Cowboy', 'Access-Control-Allow-Origin': '*', 'Content-Type': 'application/json; charset=utf-8', 'Content-Length': '365', 'Etag': 'W/"16d-1weTsbai5gI2JjV1oWLJhL+Ch14"', 'Date': 'Fri, 03 Dec 2021 15:03:19 GMT', 'Via': '1.1 vegur, 1.1 vegur'} 
 body={"user":{"id":384,"email":"danyel@email.com","password_hash":"$2b$08$oicRkKJ2NFN09pdr86Sniuy/4AAJNtAhg6qVqNcOltameZLi0H4MC","name":"Danyel Miranda","avatar":null,"whatsapp":null,"is_geek":false},"token":"eyJhbGciOiJIUzI1NiIsInR5cCI6IkpXVCJ9.eyJpZCI6Mzg0LCJpYXQiOjE2Mzg1NDM3OTksImV4cCI6MTYzOTQwNzc5OX0.hXKbo32ppgvB6UuKPKC7qzDuqZFnttJTK7gq9-rSQrU","expires_in":"10d"} 
 </msg>
<msg timestamp="20211203 12:03:19.119" level="INFO">${response} = &lt;Response [200]&gt;</msg>
<status status="PASS" starttime="20211203 12:03:18.452" endtime="20211203 12:03:19.120"/>
</kw>
<msg timestamp="20211203 12:03:19.120" level="INFO">${response} = &lt;Response [200]&gt;</msg>
<status status="PASS" starttime="20211203 12:03:18.452" endtime="20211203 12:03:19.121"/>
</kw>
<kw name="Status Should Be" library="RequestsLibrary">
<arg>200</arg>
<arg>${response}</arg>
<doc>Fails if response status code is different than the expected.</doc>
<status status="PASS" starttime="20211203 12:03:19.122" endtime="20211203 12:03:19.123"/>
</kw>
<kw name="Get Length" library="BuiltIn">
<var>${size}</var>
<arg>${response.json()}[token]</arg>
<doc>Returns and logs the length of the given item as an integer.</doc>
<msg timestamp="20211203 12:03:19.127" level="INFO">Length is 140</msg>
<msg timestamp="20211203 12:03:19.127" level="INFO">${size} = 140</msg>
<status status="PASS" starttime="20211203 12:03:19.124" endtime="20211203 12:03:19.127"/>
</kw>
<kw name="Convert To Integer" library="BuiltIn">
<var>${expected_size}</var>
<arg>140</arg>
<doc>Converts the given item to an integer number.</doc>
<msg timestamp="20211203 12:03:19.129" level="INFO">${expected_size} = 140</msg>
<status status="PASS" starttime="20211203 12:03:19.128" endtime="20211203 12:03:19.130"/>
</kw>
<kw name="Should Be Equal" library="BuiltIn">
<arg>${expected_size}</arg>
<arg>${size}</arg>
<doc>Fails if the given objects are unequal.</doc>
<status status="PASS" starttime="20211203 12:03:19.131" endtime="20211203 12:03:19.132"/>
</kw>
<kw name="Should Be Equal" library="BuiltIn">
<arg>10d</arg>
<arg>${response.json()}[expires_in]</arg>
<doc>Fails if the given objects are unequal.</doc>
<status status="PASS" starttime="20211203 12:03:19.134" endtime="20211203 12:03:19.136"/>
</kw>
<status status="PASS" starttime="20211203 12:03:18.451" endtime="20211203 12:03:19.137"/>
</test>
<test id="s1-t2" name="Incorrect Email">
<kw name="Create Dictionary" library="BuiltIn">
<var>${payload}</var>
<arg>email=danyel,123.com</arg>
<arg>password=pwd123</arg>
<doc>Creates and returns a dictionary based on the given ``items``.</doc>
<msg timestamp="20211203 12:03:19.139" level="INFO">${payload} = {'email': 'danyel,123.com', 'password': 'pwd123'}</msg>
<status status="PASS" starttime="20211203 12:03:19.139" endtime="20211203 12:03:19.139"/>
</kw>
<kw name="POST Session" library="SessionsRoute">
<var>${response}</var>
<arg>${payload}</arg>
<kw name="POST" library="RequestsLibrary">
<var>${response}</var>
<arg>${API_USERS}/sessions</arg>
<arg>json=${payload}</arg>
<arg>expected_status=any</arg>
<doc>Sends a POST request.</doc>
<msg timestamp="20211203 12:03:19.768" level="INFO">POST Request : url=https://getgeeks-gateway-danyel-mirand.herokuapp.com/sessions 
 path_url=/sessions 
 headers={'User-Agent': 'python-requests/2.26.0', 'Accept-Encoding': 'gzip, deflate', 'Accept': '*/*', 'Connection': 'keep-alive', 'Content-Length': '49', 'Content-Type': 'application/json'} 
 body=b'{"email": "danyel,123.com", "password": "pwd123"}' 
 </msg>
<msg timestamp="20211203 12:03:19.768" level="INFO">POST Response : url=https://getgeeks-gateway-danyel-mirand.herokuapp.com/sessions 
 status=400, reason=Bad Request 
 headers={'Connection': 'keep-alive', 'X-Powered-By': 'Express', 'Server': 'Cowboy', 'Access-Control-Allow-Origin': '*', 'Content-Type': 'application/json; charset=utf-8', 'Content-Length': '27', 'Etag': 'W/"1b-/TOfJuE8lwSWEXvBl7o6iRstTo0"', 'Date': 'Fri, 03 Dec 2021 15:03:20 GMT', 'Via': '1.1 vegur, 1.1 vegur'} 
 body={"error":"Incorrect email"} 
 </msg>
<msg timestamp="20211203 12:03:19.768" level="INFO">${response} = &lt;Response [400]&gt;</msg>
<status status="PASS" starttime="20211203 12:03:19.140" endtime="20211203 12:03:19.768"/>
</kw>
<msg timestamp="20211203 12:03:19.769" level="INFO">${response} = &lt;Response [400]&gt;</msg>
<status status="PASS" starttime="20211203 12:03:19.140" endtime="20211203 12:03:19.769"/>
</kw>
<kw name="Status Should Be" library="RequestsLibrary">
<arg>400</arg>
<arg>${response}</arg>
<doc>Fails if response status code is different than the expected.</doc>
<status status="PASS" starttime="20211203 12:03:19.770" endtime="20211203 12:03:19.770"/>
</kw>
<kw name="Should Be Equal" library="BuiltIn">
<arg>Incorrect email</arg>
<arg>${response.json()}[error]</arg>
<doc>Fails if the given objects are unequal.</doc>
<status status="PASS" starttime="20211203 12:03:19.771" endtime="20211203 12:03:19.772"/>
</kw>
<status status="PASS" starttime="20211203 12:03:19.138" endtime="20211203 12:03:19.773"/>
</test>
<test id="s1-t3" name="Incorrect Pass">
<kw name="Create Dictionary" library="BuiltIn">
<var>${payload}</var>
<arg>email=danyel@email.com</arg>
<arg>password=pwd123</arg>
<doc>Creates and returns a dictionary based on the given ``items``.</doc>
<msg timestamp="20211203 12:03:19.776" level="INFO">${payload} = {'email': 'danyel@email.com', 'password': 'pwd123'}</msg>
<status status="PASS" starttime="20211203 12:03:19.775" endtime="20211203 12:03:19.776"/>
</kw>
<kw name="POST Session" library="SessionsRoute">
<var>${response}</var>
<arg>${payload}</arg>
<kw name="POST" library="RequestsLibrary">
<var>${response}</var>
<arg>${API_USERS}/sessions</arg>
<arg>json=${payload}</arg>
<arg>expected_status=any</arg>
<doc>Sends a POST request.</doc>
<msg timestamp="20211203 12:03:20.394" level="INFO">POST Request : url=https://getgeeks-gateway-danyel-mirand.herokuapp.com/sessions 
 path_url=/sessions 
 headers={'User-Agent': 'python-requests/2.26.0', 'Accept-Encoding': 'gzip, deflate', 'Accept': '*/*', 'Connection': 'keep-alive', 'Content-Length': '51', 'Content-Type': 'application/json'} 
 body=b'{"email": "danyel@email.com", "password": "pwd123"}' 
 </msg>
<msg timestamp="20211203 12:03:20.394" level="INFO">POST Response : url=https://getgeeks-gateway-danyel-mirand.herokuapp.com/sessions 
 status=401, reason=Unauthorized 
 headers={'Connection': 'keep-alive', 'X-Powered-By': 'Express', 'Server': 'Cowboy', 'Access-Control-Allow-Origin': '*', 'Content-Type': 'application/json; charset=utf-8', 'Content-Length': '24', 'Etag': 'W/"18-XPDV80vbMk4yY1/PADG4jYM4rSI"', 'Date': 'Fri, 03 Dec 2021 15:03:20 GMT', 'Via': '1.1 vegur, 1.1 vegur'} 
 body={"error":"Unauthorized"} 
 </msg>
<msg timestamp="20211203 12:03:20.395" level="INFO">${response} = &lt;Response [401]&gt;</msg>
<status status="PASS" starttime="20211203 12:03:19.777" endtime="20211203 12:03:20.395"/>
</kw>
<msg timestamp="20211203 12:03:20.395" level="INFO">${response} = &lt;Response [401]&gt;</msg>
<status status="PASS" starttime="20211203 12:03:19.777" endtime="20211203 12:03:20.395"/>
</kw>
<kw name="Status Should Be" library="RequestsLibrary">
<arg>401</arg>
<arg>${response}</arg>
<doc>Fails if response status code is different than the expected.</doc>
<status status="PASS" starttime="20211203 12:03:20.396" endtime="20211203 12:03:20.396"/>
</kw>
<kw name="Should Be Equal" library="BuiltIn">
<arg>Unauthorized</arg>
<arg>${response.json()}[error]</arg>
<doc>Fails if the given objects are unequal.</doc>
<status status="PASS" starttime="20211203 12:03:20.397" endtime="20211203 12:03:20.398"/>
</kw>
<status status="PASS" starttime="20211203 12:03:19.775" endtime="20211203 12:03:20.398"/>
</test>
<test id="s1-t4" name="User not Found">
<kw name="Create Dictionary" library="BuiltIn">
<var>${payload}</var>
<arg>email=danyel@1234.com</arg>
<arg>password=pwd123</arg>
<doc>Creates and returns a dictionary based on the given ``items``.</doc>
<msg timestamp="20211203 12:03:20.400" level="INFO">${payload} = {'email': 'danyel@1234.com', 'password': 'pwd123'}</msg>
<status status="PASS" starttime="20211203 12:03:20.400" endtime="20211203 12:03:20.400"/>
</kw>
<kw name="POST Session" library="SessionsRoute">
<var>${response}</var>
<arg>${payload}</arg>
<kw name="POST" library="RequestsLibrary">
<var>${response}</var>
<arg>${API_USERS}/sessions</arg>
<arg>json=${payload}</arg>
<arg>expected_status=any</arg>
<doc>Sends a POST request.</doc>
<msg timestamp="20211203 12:03:21.004" level="INFO">POST Request : url=https://getgeeks-gateway-danyel-mirand.herokuapp.com/sessions 
 path_url=/sessions 
 headers={'User-Agent': 'python-requests/2.26.0', 'Accept-Encoding': 'gzip, deflate', 'Accept': '*/*', 'Connection': 'keep-alive', 'Content-Length': '50', 'Content-Type': 'application/json'} 
 body=b'{"email": "danyel@1234.com", "password": "pwd123"}' 
 </msg>
<msg timestamp="20211203 12:03:21.004" level="INFO">POST Response : url=https://getgeeks-gateway-danyel-mirand.herokuapp.com/sessions 
 status=401, reason=Unauthorized 
 headers={'Connection': 'keep-alive', 'X-Powered-By': 'Express', 'Server': 'Cowboy', 'Access-Control-Allow-Origin': '*', 'Content-Type': 'application/json; charset=utf-8', 'Content-Length': '24', 'Etag': 'W/"18-XPDV80vbMk4yY1/PADG4jYM4rSI"', 'Date': 'Fri, 03 Dec 2021 15:03:21 GMT', 'Via': '1.1 vegur, 1.1 vegur'} 
 body={"error":"Unauthorized"} 
 </msg>
<msg timestamp="20211203 12:03:21.004" level="INFO">${response} = &lt;Response [401]&gt;</msg>
<status status="PASS" starttime="20211203 12:03:20.401" endtime="20211203 12:03:21.004"/>
</kw>
<msg timestamp="20211203 12:03:21.004" level="INFO">${response} = &lt;Response [401]&gt;</msg>
<status status="PASS" starttime="20211203 12:03:20.401" endtime="20211203 12:03:21.004"/>
</kw>
<kw name="Status Should Be" library="RequestsLibrary">
<arg>401</arg>
<arg>${response}</arg>
<doc>Fails if response status code is different than the expected.</doc>
<status status="PASS" starttime="20211203 12:03:21.005" endtime="20211203 12:03:21.005"/>
</kw>
<kw name="Should Be Equal" library="BuiltIn">
<arg>Unauthorized</arg>
<arg>${response.json()}[error]</arg>
<doc>Fails if the given objects are unequal.</doc>
<status status="PASS" starttime="20211203 12:03:21.005" endtime="20211203 12:03:21.006"/>
</kw>
<status status="PASS" starttime="20211203 12:03:20.400" endtime="20211203 12:03:21.006"/>
</test>
<test id="s1-t5" name="Required Email">
<kw name="Create Dictionary" library="BuiltIn">
<var>${payload}</var>
<arg>email=${EMPTY}</arg>
<arg>password=pwd123</arg>
<doc>Creates and returns a dictionary based on the given ``items``.</doc>
<msg timestamp="20211203 12:03:21.008" level="INFO">${payload} = {'email': '', 'password': 'pwd123'}</msg>
<status status="PASS" starttime="20211203 12:03:21.008" endtime="20211203 12:03:21.008"/>
</kw>
<kw name="POST Session" library="SessionsRoute">
<var>${response}</var>
<arg>${payload}</arg>
<kw name="POST" library="RequestsLibrary">
<var>${response}</var>
<arg>${API_USERS}/sessions</arg>
<arg>json=${payload}</arg>
<arg>expected_status=any</arg>
<doc>Sends a POST request.</doc>
<msg timestamp="20211203 12:03:21.657" level="INFO">POST Request : url=https://getgeeks-gateway-danyel-mirand.herokuapp.com/sessions 
 path_url=/sessions 
 headers={'User-Agent': 'python-requests/2.26.0', 'Accept-Encoding': 'gzip, deflate', 'Accept': '*/*', 'Connection': 'keep-alive', 'Content-Length': '35', 'Content-Type': 'application/json'} 
 body=b'{"email": "", "password": "pwd123"}' 
 </msg>
<msg timestamp="20211203 12:03:21.657" level="INFO">POST Response : url=https://getgeeks-gateway-danyel-mirand.herokuapp.com/sessions 
 status=400, reason=Bad Request 
 headers={'Connection': 'keep-alive', 'X-Powered-By': 'Express', 'Server': 'Cowboy', 'Access-Control-Allow-Origin': '*', 'Content-Type': 'application/json; charset=utf-8', 'Content-Length': '26', 'Etag': 'W/"1a-ztWLEO5pP/4DOQYYgf8vh7rMmRI"', 'Date': 'Fri, 03 Dec 2021 15:03:22 GMT', 'Via': '1.1 vegur, 1.1 vegur'} 
 body={"error":"Required email"} 
 </msg>
<msg timestamp="20211203 12:03:21.658" level="INFO">${response} = &lt;Response [400]&gt;</msg>
<status status="PASS" starttime="20211203 12:03:21.009" endtime="20211203 12:03:21.658"/>
</kw>
<msg timestamp="20211203 12:03:21.658" level="INFO">${response} = &lt;Response [400]&gt;</msg>
<status status="PASS" starttime="20211203 12:03:21.009" endtime="20211203 12:03:21.658"/>
</kw>
<kw name="Status Should Be" library="RequestsLibrary">
<arg>400</arg>
<arg>${response}</arg>
<doc>Fails if response status code is different than the expected.</doc>
<status status="PASS" starttime="20211203 12:03:21.658" endtime="20211203 12:03:21.659"/>
</kw>
<kw name="Should Be Equal" library="BuiltIn">
<arg>Required email</arg>
<arg>${response.json()}[error]</arg>
<doc>Fails if the given objects are unequal.</doc>
<status status="PASS" starttime="20211203 12:03:21.659" endtime="20211203 12:03:21.660"/>
</kw>
<status status="PASS" starttime="20211203 12:03:21.007" endtime="20211203 12:03:21.660"/>
</test>
<test id="s1-t6" name="Without Email">
<kw name="Create Dictionary" library="BuiltIn">
<var>${payload}</var>
<arg>password=pwd123</arg>
<doc>Creates and returns a dictionary based on the given ``items``.</doc>
<msg timestamp="20211203 12:03:21.662" level="INFO">${payload} = {'password': 'pwd123'}</msg>
<status status="PASS" starttime="20211203 12:03:21.662" endtime="20211203 12:03:21.663"/>
</kw>
<kw name="POST Session" library="SessionsRoute">
<var>${response}</var>
<arg>${payload}</arg>
<kw name="POST" library="RequestsLibrary">
<var>${response}</var>
<arg>${API_USERS}/sessions</arg>
<arg>json=${payload}</arg>
<arg>expected_status=any</arg>
<doc>Sends a POST request.</doc>
<msg timestamp="20211203 12:03:22.283" level="INFO">POST Request : url=https://getgeeks-gateway-danyel-mirand.herokuapp.com/sessions 
 path_url=/sessions 
 headers={'User-Agent': 'python-requests/2.26.0', 'Accept-Encoding': 'gzip, deflate', 'Accept': '*/*', 'Connection': 'keep-alive', 'Content-Length': '22', 'Content-Type': 'application/json'} 
 body=b'{"password": "pwd123"}' 
 </msg>
<msg timestamp="20211203 12:03:22.284" level="INFO">POST Response : url=https://getgeeks-gateway-danyel-mirand.herokuapp.com/sessions 
 status=400, reason=Bad Request 
 headers={'Connection': 'keep-alive', 'X-Powered-By': 'Express', 'Server': 'Cowboy', 'Access-Control-Allow-Origin': '*', 'Content-Type': 'application/json; charset=utf-8', 'Content-Length': '26', 'Etag': 'W/"1a-ztWLEO5pP/4DOQYYgf8vh7rMmRI"', 'Date': 'Fri, 03 Dec 2021 15:03:22 GMT', 'Via': '1.1 vegur, 1.1 vegur'} 
 body={"error":"Required email"} 
 </msg>
<msg timestamp="20211203 12:03:22.284" level="INFO">${response} = &lt;Response [400]&gt;</msg>
<status status="PASS" starttime="20211203 12:03:21.663" endtime="20211203 12:03:22.284"/>
</kw>
<msg timestamp="20211203 12:03:22.284" level="INFO">${response} = &lt;Response [400]&gt;</msg>
<status status="PASS" starttime="20211203 12:03:21.663" endtime="20211203 12:03:22.284"/>
</kw>
<kw name="Status Should Be" library="RequestsLibrary">
<arg>400</arg>
<arg>${response}</arg>
<doc>Fails if response status code is different than the expected.</doc>
<status status="PASS" starttime="20211203 12:03:22.284" endtime="20211203 12:03:22.285"/>
</kw>
<kw name="Should Be Equal" library="BuiltIn">
<arg>Required email</arg>
<arg>${response.json()}[error]</arg>
<doc>Fails if the given objects are unequal.</doc>
<status status="PASS" starttime="20211203 12:03:22.285" endtime="20211203 12:03:22.285"/>
</kw>
<status status="PASS" starttime="20211203 12:03:21.661" endtime="20211203 12:03:22.286"/>
</test>
<test id="s1-t7" name="Required Pass">
<kw name="Create Dictionary" library="BuiltIn">
<var>${payload}</var>
<arg>email=danyel@email.com</arg>
<arg>password=${EMPTY}</arg>
<doc>Creates and returns a dictionary based on the given ``items``.</doc>
<msg timestamp="20211203 12:03:22.288" level="INFO">${payload} = {'email': 'danyel@email.com', 'password': ''}</msg>
<status status="PASS" starttime="20211203 12:03:22.287" endtime="20211203 12:03:22.288"/>
</kw>
<kw name="POST Session" library="SessionsRoute">
<var>${response}</var>
<arg>${payload}</arg>
<kw name="POST" library="RequestsLibrary">
<var>${response}</var>
<arg>${API_USERS}/sessions</arg>
<arg>json=${payload}</arg>
<arg>expected_status=any</arg>
<doc>Sends a POST request.</doc>
<msg timestamp="20211203 12:03:22.871" level="INFO">POST Request : url=https://getgeeks-gateway-danyel-mirand.herokuapp.com/sessions 
 path_url=/sessions 
 headers={'User-Agent': 'python-requests/2.26.0', 'Accept-Encoding': 'gzip, deflate', 'Accept': '*/*', 'Connection': 'keep-alive', 'Content-Length': '45', 'Content-Type': 'application/json'} 
 body=b'{"email": "danyel@email.com", "password": ""}' 
 </msg>
<msg timestamp="20211203 12:03:22.871" level="INFO">POST Response : url=https://getgeeks-gateway-danyel-mirand.herokuapp.com/sessions 
 status=400, reason=Bad Request 
 headers={'Connection': 'keep-alive', 'X-Powered-By': 'Express', 'Server': 'Cowboy', 'Access-Control-Allow-Origin': '*', 'Content-Type': 'application/json; charset=utf-8', 'Content-Length': '25', 'Etag': 'W/"19-XQPKZGB2rC+TLudFQKbwFLPwbR0"', 'Date': 'Fri, 03 Dec 2021 15:03:23 GMT', 'Via': '1.1 vegur, 1.1 vegur'} 
 body={"error":"Required pass"} 
 </msg>
<msg timestamp="20211203 12:03:22.871" level="INFO">${response} = &lt;Response [400]&gt;</msg>
<status status="PASS" starttime="20211203 12:03:22.288" endtime="20211203 12:03:22.871"/>
</kw>
<msg timestamp="20211203 12:03:22.871" level="INFO">${response} = &lt;Response [400]&gt;</msg>
<status status="PASS" starttime="20211203 12:03:22.288" endtime="20211203 12:03:22.871"/>
</kw>
<kw name="Status Should Be" library="RequestsLibrary">
<arg>400</arg>
<arg>${response}</arg>
<doc>Fails if response status code is different than the expected.</doc>
<status status="PASS" starttime="20211203 12:03:22.872" endtime="20211203 12:03:22.872"/>
</kw>
<kw name="Should Be Equal" library="BuiltIn">
<arg>Required pass</arg>
<arg>${response.json()}[error]</arg>
<doc>Fails if the given objects are unequal.</doc>
<status status="PASS" starttime="20211203 12:03:22.872" endtime="20211203 12:03:22.873"/>
</kw>
<status status="PASS" starttime="20211203 12:03:22.287" endtime="20211203 12:03:22.873"/>
</test>
<test id="s1-t8" name="Without Pass">
<kw name="Create Dictionary" library="BuiltIn">
<var>${payload}</var>
<arg>email=danyel@email.com</arg>
<doc>Creates and returns a dictionary based on the given ``items``.</doc>
<msg timestamp="20211203 12:03:22.875" level="INFO">${payload} = {'email': 'danyel@email.com'}</msg>
<status status="PASS" starttime="20211203 12:03:22.875" endtime="20211203 12:03:22.875"/>
</kw>
<kw name="POST Session" library="SessionsRoute">
<var>${response}</var>
<arg>${payload}</arg>
<kw name="POST" library="RequestsLibrary">
<var>${response}</var>
<arg>${API_USERS}/sessions</arg>
<arg>json=${payload}</arg>
<arg>expected_status=any</arg>
<doc>Sends a POST request.</doc>
<msg timestamp="20211203 12:03:23.482" level="INFO">POST Request : url=https://getgeeks-gateway-danyel-mirand.herokuapp.com/sessions 
 path_url=/sessions 
 headers={'User-Agent': 'python-requests/2.26.0', 'Accept-Encoding': 'gzip, deflate', 'Accept': '*/*', 'Connection': 'keep-alive', 'Content-Length': '29', 'Content-Type': 'application/json'} 
 body=b'{"email": "danyel@email.com"}' 
 </msg>
<msg timestamp="20211203 12:03:23.482" level="INFO">POST Response : url=https://getgeeks-gateway-danyel-mirand.herokuapp.com/sessions 
 status=400, reason=Bad Request 
 headers={'Connection': 'keep-alive', 'X-Powered-By': 'Express', 'Server': 'Cowboy', 'Access-Control-Allow-Origin': '*', 'Content-Type': 'application/json; charset=utf-8', 'Content-Length': '25', 'Etag': 'W/"19-XQPKZGB2rC+TLudFQKbwFLPwbR0"', 'Date': 'Fri, 03 Dec 2021 15:03:23 GMT', 'Via': '1.1 vegur, 1.1 vegur'} 
 body={"error":"Required pass"} 
 </msg>
<msg timestamp="20211203 12:03:23.482" level="INFO">${response} = &lt;Response [400]&gt;</msg>
<status status="PASS" starttime="20211203 12:03:22.876" endtime="20211203 12:03:23.482"/>
</kw>
<msg timestamp="20211203 12:03:23.482" level="INFO">${response} = &lt;Response [400]&gt;</msg>
<status status="PASS" starttime="20211203 12:03:22.875" endtime="20211203 12:03:23.482"/>
</kw>
<kw name="Status Should Be" library="RequestsLibrary">
<arg>400</arg>
<arg>${response}</arg>
<doc>Fails if response status code is different than the expected.</doc>
<status status="PASS" starttime="20211203 12:03:23.483" endtime="20211203 12:03:23.483"/>
</kw>
<kw name="Should Be Equal" library="BuiltIn">
<arg>Required pass</arg>
<arg>${response.json()}[error]</arg>
<doc>Fails if the given objects are unequal.</doc>
<status status="PASS" starttime="20211203 12:03:23.483" endtime="20211203 12:03:23.484"/>
</kw>
<status status="PASS" starttime="20211203 12:03:22.874" endtime="20211203 12:03:23.484"/>
</test>
<doc>Session route test suite</doc>
<status status="PASS" starttime="20211203 12:03:18.345" endtime="20211203 12:03:23.486"/>
</suite>
<statistics>
<total>
<stat pass="8" fail="0" skip="0">All Tests</stat>
</total>
<tag>
</tag>
<suite>
<stat pass="8" fail="0" skip="0" id="s1" name="Sessions">Sessions</stat>
</suite>
</statistics>
<errors>
</errors>
</robot>
