<?xml version="1.0" encoding="UTF-8"?>
<robot generator="Robot 4.1.1 (Python 3.9.7 on win32)" generated="20211215 10:31:14.796" rpa="false" schemaversion="2">
<suite id="s1" name="Users" source="C:\Gravidade_Zero\getgeeks\Get_Geeks\project\backend\geeks\users\tests\Users.robot">
<test id="s1-t1" name="Add new user">
<kw name="Factory New User" library="Users">
<var>${user}</var>
<msg timestamp="20211215 10:31:14.914" level="INFO">${user} = {'name': 'Clint Barton', 'email': 'barton@shield.com', 'password': 'pwd123'}</msg>
<status status="PASS" starttime="20211215 10:31:14.913" endtime="20211215 10:31:14.914"/>
</kw>
<kw name="Remove User" library="Helpers">
<arg>${user}</arg>
<kw name="Get Token" library="Helpers">
<var>${token}</var>
<arg>${user}</arg>
<kw name="Create Dictionary" library="BuiltIn">
<var>${payload}</var>
<arg>email=${user}[email]</arg>
<arg>password=${user}[password]</arg>
<doc>Creates and returns a dictionary based on the given ``items``.</doc>
<msg timestamp="20211215 10:31:14.915" level="INFO">${payload} = {'email': 'barton@shield.com', 'password': 'pwd123'}</msg>
<status status="PASS" starttime="20211215 10:31:14.915" endtime="20211215 10:31:14.915"/>
</kw>
<kw name="POST Session" library="SessionsRoute">
<var>${response}</var>
<arg>${payload}</arg>
<kw name="POST" library="RequestsLibrary">
<var>${response}</var>
<arg>${API_USERS}/sessions</arg>
<arg>json=${payload}</arg>
<arg>expected_status=any</arg>
<doc>Sends a POST request.</doc>
<msg timestamp="20211215 10:31:15.613" level="INFO">POST Request : url=https://getgeeks-gateway-danyel-mirand.herokuapp.com/sessions 
 path_url=/sessions 
 headers={'User-Agent': 'python-requests/2.26.0', 'Accept-Encoding': 'gzip, deflate', 'Accept': '*/*', 'Connection': 'keep-alive', 'Content-Length': '52', 'Content-Type': 'application/json'} 
 body=b'{"email": "barton@shield.com", "password": "pwd123"}' 
 </msg>
<msg timestamp="20211215 10:31:15.613" level="INFO">POST Response : url=https://getgeeks-gateway-danyel-mirand.herokuapp.com/sessions 
 status=200, reason=OK 
 headers={'Connection': 'keep-alive', 'X-Powered-By': 'Express', 'Server': 'Cowboy', 'Access-Control-Allow-Origin': '*', 'Content-Type': 'application/json; charset=utf-8', 'Content-Length': '364', 'Etag': 'W/"16c-IoCXQ6PCPS9OQNdTZGorF0xRo0M"', 'Date': 'Wed, 15 Dec 2021 13:31:15 GMT', 'Via': '1.1 vegur, 1.1 vegur'} 
 body={"user":{"id":399,"email":"barton@shield.com","password_hash":"$2b$08$opc1mwu55weLwYchigq84ep8QRFZjLl81o2mWdzmHr.wkzf07s/yW","name":"Clint Barton","avatar":null,"whatsapp":null,"is_geek":false},"token":"eyJhbGciOiJIUzI1NiIsInR5cCI6IkpXVCJ9.eyJpZCI6Mzk5LCJpYXQiOjE2Mzk1NzUwNzUsImV4cCI6MTY0MDQzOTA3NX0.4f5U7-EeNuu1h7M3HgRAPo8pD2nnF5aOefIEiXGo7qo","expires_in":"10d"} 
 </msg>
<msg timestamp="20211215 10:31:15.613" level="INFO">${response} = &lt;Response [200]&gt;</msg>
<status status="PASS" starttime="20211215 10:31:14.916" endtime="20211215 10:31:15.613"/>
</kw>
<msg timestamp="20211215 10:31:15.613" level="INFO">${response} = &lt;Response [200]&gt;</msg>
<status status="PASS" starttime="20211215 10:31:14.916" endtime="20211215 10:31:15.613"/>
</kw>
<kw name="Set Variable" library="BuiltIn">
<var>${result}</var>
<arg>${EMPTY}</arg>
<doc>Returns the given values which can then be assigned to a variables.</doc>
<msg timestamp="20211215 10:31:15.614" level="INFO">${result} = </msg>
<status status="PASS" starttime="20211215 10:31:15.614" endtime="20211215 10:31:15.614"/>
</kw>
<if>
<branch type="IF" condition="&quot;200&quot; in &quot;${response}&quot;">
<kw name="Set Variable" library="BuiltIn">
<var>${result}</var>
<arg>Bearer ${response.json()}[token]</arg>
<doc>Returns the given values which can then be assigned to a variables.</doc>
<msg timestamp="20211215 10:31:15.615" level="INFO">${result} = Bearer eyJhbGciOiJIUzI1NiIsInR5cCI6IkpXVCJ9.eyJpZCI6Mzk5LCJpYXQiOjE2Mzk1NzUwNzUsImV4cCI6MTY0MDQzOTA3NX0.4f5U7-EeNuu1h7M3HgRAPo8pD2nnF5aOefIEiXGo7qo</msg>
<status status="PASS" starttime="20211215 10:31:15.615" endtime="20211215 10:31:15.615"/>
</kw>
<status status="PASS" starttime="20211215 10:31:15.615" endtime="20211215 10:31:15.615"/>
</branch>
<status status="PASS" starttime="20211215 10:31:15.614" endtime="20211215 10:31:15.615"/>
</if>
<msg timestamp="20211215 10:31:15.615" level="INFO">${token} = Bearer eyJhbGciOiJIUzI1NiIsInR5cCI6IkpXVCJ9.eyJpZCI6Mzk5LCJpYXQiOjE2Mzk1NzUwNzUsImV4cCI6MTY0MDQzOTA3NX0.4f5U7-EeNuu1h7M3HgRAPo8pD2nnF5aOefIEiXGo7qo</msg>
<status status="PASS" starttime="20211215 10:31:14.915" endtime="20211215 10:31:15.616"/>
</kw>
<if>
<branch type="IF" condition="&quot;${token}&quot;">
<kw name="DELETE User" library="UsersRoute">
<arg>${token}</arg>
<kw name="Create Dictionary" library="BuiltIn">
<var>${headers}</var>
<arg>Authorization=${token}</arg>
<doc>Creates and returns a dictionary based on the given ``items``.</doc>
<msg timestamp="20211215 10:31:15.616" level="INFO">${headers} = {'Authorization': 'Bearer eyJhbGciOiJIUzI1NiIsInR5cCI6IkpXVCJ9.eyJpZCI6Mzk5LCJpYXQiOjE2Mzk1NzUwNzUsImV4cCI6MTY0MDQzOTA3NX0.4f5U7-EeNuu1h7M3HgRAPo8pD2nnF5aOefIEiXGo7qo'}</msg>
<status status="PASS" starttime="20211215 10:31:15.616" endtime="20211215 10:31:15.616"/>
</kw>
<kw name="DELETE" library="RequestsLibrary">
<var>${response}</var>
<arg>${API_USERS}/users</arg>
<arg>headers=${headers}</arg>
<arg>expected_status=any</arg>
<doc>Sends a DELETE request.</doc>
<msg timestamp="20211215 10:31:16.303" level="INFO">DELETE Request : url=https://getgeeks-gateway-danyel-mirand.herokuapp.com/users 
 path_url=/users 
 headers={'User-Agent': 'python-requests/2.26.0', 'Accept-Encoding': 'gzip, deflate', 'Accept': '*/*', 'Connection': 'keep-alive', 'Authorization': 'Bearer eyJhbGciOiJIUzI1NiIsInR5cCI6IkpXVCJ9.eyJpZCI6Mzk5LCJpYXQiOjE2Mzk1NzUwNzUsImV4cCI6MTY0MDQzOTA3NX0.4f5U7-EeNuu1h7M3HgRAPo8pD2nnF5aOefIEiXGo7qo', 'Content-Length': '0'} 
 body=None 
 </msg>
<msg timestamp="20211215 10:31:16.303" level="INFO">DELETE Response : url=https://getgeeks-gateway-danyel-mirand.herokuapp.com/users 
 status=204, reason=No Content 
 headers={'Connection': 'keep-alive', 'X-Powered-By': 'Express', 'Server': 'Cowboy', 'Content-Length': '0', 'Access-Control-Allow-Origin': '*', 'Date': 'Wed, 15 Dec 2021 13:31:16 GMT', 'Via': '1.1 vegur, 1.1 vegur'} 
 body=None 
 </msg>
<msg timestamp="20211215 10:31:16.303" level="INFO">${response} = &lt;Response [204]&gt;</msg>
<status status="PASS" starttime="20211215 10:31:15.616" endtime="20211215 10:31:16.303"/>
</kw>
<status status="PASS" starttime="20211215 10:31:15.616" endtime="20211215 10:31:16.303"/>
</kw>
<status status="PASS" starttime="20211215 10:31:15.616" endtime="20211215 10:31:16.303"/>
</branch>
<status status="PASS" starttime="20211215 10:31:15.616" endtime="20211215 10:31:16.303"/>
</if>
<status status="PASS" starttime="20211215 10:31:14.914" endtime="20211215 10:31:16.303"/>
</kw>
<kw name="POST User" library="UsersRoute">
<var>${response}</var>
<arg>${user}</arg>
<kw name="POST" library="RequestsLibrary">
<var>${response}</var>
<arg>${API_USERS}/users</arg>
<arg>json=${payload}</arg>
<arg>expected_status=any</arg>
<doc>Sends a POST request.</doc>
<msg timestamp="20211215 10:31:16.938" level="INFO">POST Request : url=https://getgeeks-gateway-danyel-mirand.herokuapp.com/users 
 path_url=/users 
 headers={'User-Agent': 'python-requests/2.26.0', 'Accept-Encoding': 'gzip, deflate', 'Accept': '*/*', 'Connection': 'keep-alive', 'Content-Length': '76', 'Content-Type': 'application/json'} 
 body=b'{"name": "Clint Barton", "email": "barton@shield.com", "password": "pwd123"}' 
 </msg>
<msg timestamp="20211215 10:31:16.938" level="INFO">POST Response : url=https://getgeeks-gateway-danyel-mirand.herokuapp.com/users 
 status=201, reason=Created 
 headers={'Connection': 'keep-alive', 'X-Powered-By': 'Express', 'Server': 'Cowboy', 'Access-Control-Allow-Origin': '*', 'Content-Type': 'application/json; charset=utf-8', 'Content-Length': '10', 'Etag': 'W/"a-cBnIK2ViD2gf6PfFabLPU+PqLlk"', 'Date': 'Wed, 15 Dec 2021 13:31:16 GMT', 'Via': '1.1 vegur, 1.1 vegur'} 
 body={"id":400} 
 </msg>
<msg timestamp="20211215 10:31:16.938" level="INFO">${response} = &lt;Response [201]&gt;</msg>
<status status="PASS" starttime="20211215 10:31:16.304" endtime="20211215 10:31:16.938"/>
</kw>
<msg timestamp="20211215 10:31:16.939" level="INFO">${response} = &lt;Response [201]&gt;</msg>
<status status="PASS" starttime="20211215 10:31:16.304" endtime="20211215 10:31:16.939"/>
</kw>
<kw name="Status Should Be" library="RequestsLibrary">
<arg>201</arg>
<arg>${response}</arg>
<doc>Fails if response status code is different than the expected.</doc>
<status status="PASS" starttime="20211215 10:31:16.940" endtime="20211215 10:31:16.940"/>
</kw>
<kw name="Set Variable" library="BuiltIn">
<var>${user_id}</var>
<arg>${response.json()}[id]</arg>
<doc>Returns the given values which can then be assigned to a variables.</doc>
<msg timestamp="20211215 10:31:16.942" level="INFO">${user_id} = 400</msg>
<status status="PASS" starttime="20211215 10:31:16.941" endtime="20211215 10:31:16.942"/>
</kw>
<kw name="Should Be True" library="BuiltIn">
<arg>${user_id} &gt; 0</arg>
<doc>Fails if the given condition is not true.</doc>
<status status="PASS" starttime="20211215 10:31:16.942" endtime="20211215 10:31:16.942"/>
</kw>
<status status="PASS" starttime="20211215 10:31:14.913" endtime="20211215 10:31:16.943"/>
</test>
<test id="s1-t2" name="Get user data">
<kw name="Factory Get User" library="Users">
<var>${user}</var>
<msg timestamp="20211215 10:31:16.945" level="INFO">${user} = {'name': 'Gwen Stacy', 'email': 'stacy@email.com', 'password': '123456'}</msg>
<status status="PASS" starttime="20211215 10:31:16.944" endtime="20211215 10:31:16.945"/>
</kw>
<kw name="POST User" library="UsersRoute">
<arg>${user}</arg>
<kw name="POST" library="RequestsLibrary">
<var>${response}</var>
<arg>${API_USERS}/users</arg>
<arg>json=${payload}</arg>
<arg>expected_status=any</arg>
<doc>Sends a POST request.</doc>
<msg timestamp="20211215 10:31:17.531" level="INFO">POST Request : url=https://getgeeks-gateway-danyel-mirand.herokuapp.com/users 
 path_url=/users 
 headers={'User-Agent': 'python-requests/2.26.0', 'Accept-Encoding': 'gzip, deflate', 'Accept': '*/*', 'Connection': 'keep-alive', 'Content-Length': '72', 'Content-Type': 'application/json'} 
 body=b'{"name": "Gwen Stacy", "email": "stacy@email.com", "password": "123456"}' 
 </msg>
<msg timestamp="20211215 10:31:17.531" level="INFO">POST Response : url=https://getgeeks-gateway-danyel-mirand.herokuapp.com/users 
 status=400, reason=Bad Request 
 headers={'Connection': 'keep-alive', 'X-Powered-By': 'Express', 'Server': 'Cowboy', 'Access-Control-Allow-Origin': '*', 'Content-Type': 'application/json; charset=utf-8', 'Content-Length': '31', 'Etag': 'W/"1f-lFUySNKwX3L5eGEwGcNcUoVKWhE"', 'Date': 'Wed, 15 Dec 2021 13:31:17 GMT', 'Via': '1.1 vegur, 1.1 vegur'} 
 body={"error":"User already exists"} 
 </msg>
<msg timestamp="20211215 10:31:17.531" level="INFO">${response} = &lt;Response [400]&gt;</msg>
<status status="PASS" starttime="20211215 10:31:16.947" endtime="20211215 10:31:17.531"/>
</kw>
<status status="PASS" starttime="20211215 10:31:16.946" endtime="20211215 10:31:17.531"/>
</kw>
<kw name="Get Token" library="Helpers">
<var>${token}</var>
<arg>${user}</arg>
<kw name="Create Dictionary" library="BuiltIn">
<var>${payload}</var>
<arg>email=${user}[email]</arg>
<arg>password=${user}[password]</arg>
<doc>Creates and returns a dictionary based on the given ``items``.</doc>
<msg timestamp="20211215 10:31:17.533" level="INFO">${payload} = {'email': 'stacy@email.com', 'password': '123456'}</msg>
<status status="PASS" starttime="20211215 10:31:17.532" endtime="20211215 10:31:17.533"/>
</kw>
<kw name="POST Session" library="SessionsRoute">
<var>${response}</var>
<arg>${payload}</arg>
<kw name="POST" library="RequestsLibrary">
<var>${response}</var>
<arg>${API_USERS}/sessions</arg>
<arg>json=${payload}</arg>
<arg>expected_status=any</arg>
<doc>Sends a POST request.</doc>
<msg timestamp="20211215 10:31:18.174" level="INFO">POST Request : url=https://getgeeks-gateway-danyel-mirand.herokuapp.com/sessions 
 path_url=/sessions 
 headers={'User-Agent': 'python-requests/2.26.0', 'Accept-Encoding': 'gzip, deflate', 'Accept': '*/*', 'Connection': 'keep-alive', 'Content-Length': '50', 'Content-Type': 'application/json'} 
 body=b'{"email": "stacy@email.com", "password": "123456"}' 
 </msg>
<msg timestamp="20211215 10:31:18.174" level="INFO">POST Response : url=https://getgeeks-gateway-danyel-mirand.herokuapp.com/sessions 
 status=200, reason=OK 
 headers={'Connection': 'keep-alive', 'X-Powered-By': 'Express', 'Server': 'Cowboy', 'Access-Control-Allow-Origin': '*', 'Content-Type': 'application/json; charset=utf-8', 'Content-Length': '360', 'Etag': 'W/"168-F/t3P5T+DI1T17xkIAkXSktp9Xs"', 'Date': 'Wed, 15 Dec 2021 13:31:18 GMT', 'Via': '1.1 vegur, 1.1 vegur'} 
 body={"user":{"id":397,"email":"stacy@email.com","password_hash":"$2b$08$okrIogANgByf4Yby7QatZeMuu1vZDWUiw5FT9N.Z84bcWPzD9e6xW","name":"Gwen Stacy","avatar":null,"whatsapp":null,"is_geek":false},"token":"eyJhbGciOiJIUzI1NiIsInR5cCI6IkpXVCJ9.eyJpZCI6Mzk3LCJpYXQiOjE2Mzk1NzUwNzgsImV4cCI6MTY0MDQzOTA3OH0.GwazVYyq1Lltx7xffLypaYIQpRZZLnbsduIJ0VYw_Eo","expires_in":"10d"} 
 </msg>
<msg timestamp="20211215 10:31:18.174" level="INFO">${response} = &lt;Response [200]&gt;</msg>
<status status="PASS" starttime="20211215 10:31:17.533" endtime="20211215 10:31:18.174"/>
</kw>
<msg timestamp="20211215 10:31:18.175" level="INFO">${response} = &lt;Response [200]&gt;</msg>
<status status="PASS" starttime="20211215 10:31:17.533" endtime="20211215 10:31:18.175"/>
</kw>
<kw name="Set Variable" library="BuiltIn">
<var>${result}</var>
<arg>${EMPTY}</arg>
<doc>Returns the given values which can then be assigned to a variables.</doc>
<msg timestamp="20211215 10:31:18.175" level="INFO">${result} = </msg>
<status status="PASS" starttime="20211215 10:31:18.175" endtime="20211215 10:31:18.175"/>
</kw>
<if>
<branch type="IF" condition="&quot;200&quot; in &quot;${response}&quot;">
<kw name="Set Variable" library="BuiltIn">
<var>${result}</var>
<arg>Bearer ${response.json()}[token]</arg>
<doc>Returns the given values which can then be assigned to a variables.</doc>
<msg timestamp="20211215 10:31:18.176" level="INFO">${result} = Bearer eyJhbGciOiJIUzI1NiIsInR5cCI6IkpXVCJ9.eyJpZCI6Mzk3LCJpYXQiOjE2Mzk1NzUwNzgsImV4cCI6MTY0MDQzOTA3OH0.GwazVYyq1Lltx7xffLypaYIQpRZZLnbsduIJ0VYw_Eo</msg>
<status status="PASS" starttime="20211215 10:31:18.176" endtime="20211215 10:31:18.176"/>
</kw>
<status status="PASS" starttime="20211215 10:31:18.175" endtime="20211215 10:31:18.176"/>
</branch>
<status status="PASS" starttime="20211215 10:31:18.175" endtime="20211215 10:31:18.176"/>
</if>
<msg timestamp="20211215 10:31:18.176" level="INFO">${token} = Bearer eyJhbGciOiJIUzI1NiIsInR5cCI6IkpXVCJ9.eyJpZCI6Mzk3LCJpYXQiOjE2Mzk1NzUwNzgsImV4cCI6MTY0MDQzOTA3OH0.GwazVYyq1Lltx7xffLypaYIQpRZZLnbsduIJ0VYw_Eo</msg>
<status status="PASS" starttime="20211215 10:31:17.532" endtime="20211215 10:31:18.176"/>
</kw>
<kw name="GET User" library="UsersRoute">
<var>${response}</var>
<arg>${token}</arg>
<kw name="Create Dictionary" library="BuiltIn">
<var>${headers}</var>
<arg>Authorization=${token}</arg>
<doc>Creates and returns a dictionary based on the given ``items``.</doc>
<msg timestamp="20211215 10:31:18.178" level="INFO">${headers} = {'Authorization': 'Bearer eyJhbGciOiJIUzI1NiIsInR5cCI6IkpXVCJ9.eyJpZCI6Mzk3LCJpYXQiOjE2Mzk1NzUwNzgsImV4cCI6MTY0MDQzOTA3OH0.GwazVYyq1Lltx7xffLypaYIQpRZZLnbsduIJ0VYw_Eo'}</msg>
<status status="PASS" starttime="20211215 10:31:18.178" endtime="20211215 10:31:18.178"/>
</kw>
<kw name="GET" library="RequestsLibrary">
<var>${response}</var>
<arg>${API_USERS}/users</arg>
<arg>headers=${headers}</arg>
<arg>expected_status=any</arg>
<doc>Sends a GET request.</doc>
<msg timestamp="20211215 10:31:18.796" level="INFO">GET Request : url=https://getgeeks-gateway-danyel-mirand.herokuapp.com/users 
 path_url=/users 
 headers={'User-Agent': 'python-requests/2.26.0', 'Accept-Encoding': 'gzip, deflate', 'Accept': '*/*', 'Connection': 'keep-alive', 'Authorization': 'Bearer eyJhbGciOiJIUzI1NiIsInR5cCI6IkpXVCJ9.eyJpZCI6Mzk3LCJpYXQiOjE2Mzk1NzUwNzgsImV4cCI6MTY0MDQzOTA3OH0.GwazVYyq1Lltx7xffLypaYIQpRZZLnbsduIJ0VYw_Eo'} 
 body=None 
 </msg>
<msg timestamp="20211215 10:31:18.796" level="INFO">GET Response : url=https://getgeeks-gateway-danyel-mirand.herokuapp.com/users 
 status=200, reason=OK 
 headers={'Connection': 'keep-alive', 'X-Powered-By': 'Express', 'Server': 'Cowboy', 'Access-Control-Allow-Origin': '*', 'Content-Type': 'application/json; charset=utf-8', 'Content-Length': '181', 'Etag': 'W/"b5-W36AxIsrSyPibVmuQ/2aSM2u9Hs"', 'Date': 'Wed, 15 Dec 2021 13:31:18 GMT', 'Via': '1.1 vegur, 1.1 vegur'} 
 body={"id":397,"email":"stacy@email.com","password_hash":"$2b$08$okrIogANgByf4Yby7QatZeMuu1vZDWUiw5FT9N.Z84bcWPzD9e6xW","name":"Gwen Stacy","avatar":null,"whatsapp":null,"is_geek":false} 
 </msg>
<msg timestamp="20211215 10:31:18.796" level="INFO">${response} = &lt;Response [200]&gt;</msg>
<status status="PASS" starttime="20211215 10:31:18.178" endtime="20211215 10:31:18.796"/>
</kw>
<msg timestamp="20211215 10:31:18.796" level="INFO">${response} = &lt;Response [200]&gt;</msg>
<status status="PASS" starttime="20211215 10:31:18.177" endtime="20211215 10:31:18.796"/>
</kw>
<kw name="Status Should Be" library="RequestsLibrary">
<arg>200</arg>
<arg>${response}</arg>
<doc>Fails if response status code is different than the expected.</doc>
<status status="PASS" starttime="20211215 10:31:18.797" endtime="20211215 10:31:18.797"/>
</kw>
<kw name="Should Be Equal As Strings" library="BuiltIn">
<arg>${user}[name]</arg>
<arg>${response.json()}[name]</arg>
<doc>Fails if objects are unequal after converting them to strings.</doc>
<status status="PASS" starttime="20211215 10:31:18.797" endtime="20211215 10:31:18.798"/>
</kw>
<kw name="Should Be Equal As Strings" library="BuiltIn">
<arg>${user}[email]</arg>
<arg>${response.json()}[email]</arg>
<doc>Fails if objects are unequal after converting them to strings.</doc>
<status status="PASS" starttime="20211215 10:31:18.798" endtime="20211215 10:31:18.799"/>
</kw>
<kw name="Should Be Equal As Strings" library="BuiltIn">
<arg>None</arg>
<arg>${response.json()}[whatsapp]</arg>
<doc>Fails if objects are unequal after converting them to strings.</doc>
<msg timestamp="20211215 10:31:18.800" level="INFO">Argument types are:
&lt;type 'unicode'&gt;
&lt;class 'NoneType'&gt;</msg>
<status status="PASS" starttime="20211215 10:31:18.799" endtime="20211215 10:31:18.800"/>
</kw>
<kw name="Should Be Equal As Strings" library="BuiltIn">
<arg>None</arg>
<arg>${response.json()}[avatar]</arg>
<doc>Fails if objects are unequal after converting them to strings.</doc>
<msg timestamp="20211215 10:31:18.800" level="INFO">Argument types are:
&lt;type 'unicode'&gt;
&lt;class 'NoneType'&gt;</msg>
<status status="PASS" starttime="20211215 10:31:18.800" endtime="20211215 10:31:18.801"/>
</kw>
<kw name="Should Be Equal As Strings" library="BuiltIn">
<arg>False</arg>
<arg>${response.json()}[is_geek]</arg>
<doc>Fails if objects are unequal after converting them to strings.</doc>
<msg timestamp="20211215 10:31:18.802" level="INFO">Argument types are:
&lt;type 'unicode'&gt;
&lt;class 'bool'&gt;</msg>
<status status="PASS" starttime="20211215 10:31:18.801" endtime="20211215 10:31:18.802"/>
</kw>
<status status="PASS" starttime="20211215 10:31:16.944" endtime="20211215 10:31:18.802"/>
</test>
<doc>Users route test suite</doc>
<status status="PASS" starttime="20211215 10:31:14.797" endtime="20211215 10:31:18.804"/>
</suite>
<statistics>
<total>
<stat pass="2" fail="0" skip="0">All Tests</stat>
</total>
<tag>
</tag>
<suite>
<stat pass="2" fail="0" skip="0" id="s1" name="Users">Users</stat>
</suite>
</statistics>
<errors>
</errors>
</robot>
